running egg_info
creating ../../build/face_robot_driver/face_robot_driver.egg-info
writing ../../build/face_robot_driver/face_robot_driver.egg-info/PKG-INFO
writing dependency_links to ../../build/face_robot_driver/face_robot_driver.egg-info/dependency_links.txt
writing entry points to ../../build/face_robot_driver/face_robot_driver.egg-info/entry_points.txt
writing requirements to ../../build/face_robot_driver/face_robot_driver.egg-info/requires.txt
writing top-level names to ../../build/face_robot_driver/face_robot_driver.egg-info/top_level.txt
writing manifest file '../../build/face_robot_driver/face_robot_driver.egg-info/SOURCES.txt'
reading manifest file '../../build/face_robot_driver/face_robot_driver.egg-info/SOURCES.txt'
writing manifest file '../../build/face_robot_driver/face_robot_driver.egg-info/SOURCES.txt'
running build
running build_py
creating /home/tuf/face_robot_ws/build/face_robot_driver/build
creating /home/tuf/face_robot_ws/build/face_robot_driver/build/lib
creating /home/tuf/face_robot_ws/build/face_robot_driver/build/lib/face_robot_driver
copying face_robot_driver/__init__.py -> /home/tuf/face_robot_ws/build/face_robot_driver/build/lib/face_robot_driver
copying face_robot_driver/expression_player.py -> /home/tuf/face_robot_ws/build/face_robot_driver/build/lib/face_robot_driver
copying face_robot_driver/driver_node.py -> /home/tuf/face_robot_ws/build/face_robot_driver/build/lib/face_robot_driver
copying face_robot_driver/pom_sc32.py -> /home/tuf/face_robot_ws/build/face_robot_driver/build/lib/face_robot_driver
copying face_robot_driver/expression_node.py -> /home/tuf/face_robot_ws/build/face_robot_driver/build/lib/face_robot_driver
running install
running install_lib
creating /home/tuf/face_robot_ws/install/face_robot_driver/lib/python3.10/site-packages/face_robot_driver
copying /home/tuf/face_robot_ws/build/face_robot_driver/build/lib/face_robot_driver/__init__.py -> /home/tuf/face_robot_ws/install/face_robot_driver/lib/python3.10/site-packages/face_robot_driver
copying /home/tuf/face_robot_ws/build/face_robot_driver/build/lib/face_robot_driver/expression_player.py -> /home/tuf/face_robot_ws/install/face_robot_driver/lib/python3.10/site-packages/face_robot_driver
copying /home/tuf/face_robot_ws/build/face_robot_driver/build/lib/face_robot_driver/driver_node.py -> /home/tuf/face_robot_ws/install/face_robot_driver/lib/python3.10/site-packages/face_robot_driver
copying /home/tuf/face_robot_ws/build/face_robot_driver/build/lib/face_robot_driver/pom_sc32.py -> /home/tuf/face_robot_ws/install/face_robot_driver/lib/python3.10/site-packages/face_robot_driver
copying /home/tuf/face_robot_ws/build/face_robot_driver/build/lib/face_robot_driver/expression_node.py -> /home/tuf/face_robot_ws/install/face_robot_driver/lib/python3.10/site-packages/face_robot_driver
byte-compiling /home/tuf/face_robot_ws/install/face_robot_driver/lib/python3.10/site-packages/face_robot_driver/__init__.py to __init__.cpython-310.pyc
byte-compiling /home/tuf/face_robot_ws/install/face_robot_driver/lib/python3.10/site-packages/face_robot_driver/expression_player.py to expression_player.cpython-310.pyc
byte-compiling /home/tuf/face_robot_ws/install/face_robot_driver/lib/python3.10/site-packages/face_robot_driver/driver_node.py to driver_node.cpython-310.pyc
byte-compiling /home/tuf/face_robot_ws/install/face_robot_driver/lib/python3.10/site-packages/face_robot_driver/pom_sc32.py to pom_sc32.cpython-310.pyc
byte-compiling /home/tuf/face_robot_ws/install/face_robot_driver/lib/python3.10/site-packages/face_robot_driver/expression_node.py to expression_node.cpython-310.pyc
running install_data
creating /home/tuf/face_robot_ws/install/face_robot_driver/share/ament_index
creating /home/tuf/face_robot_ws/install/face_robot_driver/share/ament_index/resource_index
creating /home/tuf/face_robot_ws/install/face_robot_driver/share/ament_index/resource_index/packages
copying resource/face_robot_driver -> /home/tuf/face_robot_ws/install/face_robot_driver/share/ament_index/resource_index/packages
copying package.xml -> /home/tuf/face_robot_ws/install/face_robot_driver/share/face_robot_driver
creating /home/tuf/face_robot_ws/install/face_robot_driver/share/face_robot_driver/launch
running install_egg_info
Copying ../../build/face_robot_driver/face_robot_driver.egg-info to /home/tuf/face_robot_ws/install/face_robot_driver/lib/python3.10/site-packages/face_robot_driver-0.1.0-py3.10.egg-info
running install_scripts
Installing driver_node script to /home/tuf/face_robot_ws/install/face_robot_driver/lib/face_robot_driver
Installing expression_node script to /home/tuf/face_robot_ws/install/face_robot_driver/lib/face_robot_driver
writing list of installed files to '/home/tuf/face_robot_ws/build/face_robot_driver/install.log'
