[0.606s] Invoking command in '/home/tuf/face_robot_ws/src/face_robot_driver': PYTHONPATH=/home/tuf/face_robot_ws/build/face_robot_driver/prefix_override:/usr/lib/python3/dist-packages/colcon_core/task/python/colcon_distutils_commands:/home/tuf/face_robot_ws/install/face_robot_driver/lib/python3.10/site-packages:${PYTHONPATH} /usr/bin/python3 -W ignore:setup.py install is deprecated -W ignore:easy_install command is deprecated setup.py egg_info --egg-base ../../build/face_robot_driver build --build-base /home/tuf/face_robot_ws/build/face_robot_driver/build install --record /home/tuf/face_robot_ws/build/face_robot_driver/install.log --single-version-externally-managed install_data
[0.810s] running egg_info
[0.810s] creating ../../build/face_robot_driver/face_robot_driver.egg-info
[0.810s] writing ../../build/face_robot_driver/face_robot_driver.egg-info/PKG-INFO
[0.810s] writing dependency_links to ../../build/face_robot_driver/face_robot_driver.egg-info/dependency_links.txt
[0.811s] writing entry points to ../../build/face_robot_driver/face_robot_driver.egg-info/entry_points.txt
[0.811s] writing requirements to ../../build/face_robot_driver/face_robot_driver.egg-info/requires.txt
[0.811s] writing top-level names to ../../build/face_robot_driver/face_robot_driver.egg-info/top_level.txt
[0.811s] writing manifest file '../../build/face_robot_driver/face_robot_driver.egg-info/SOURCES.txt'
[0.812s] reading manifest file '../../build/face_robot_driver/face_robot_driver.egg-info/SOURCES.txt'
[0.813s] writing manifest file '../../build/face_robot_driver/face_robot_driver.egg-info/SOURCES.txt'
[0.813s] running build
[0.813s] running build_py
[0.813s] creating /home/tuf/face_robot_ws/build/face_robot_driver/build
[0.813s] creating /home/tuf/face_robot_ws/build/face_robot_driver/build/lib
[0.813s] creating /home/tuf/face_robot_ws/build/face_robot_driver/build/lib/face_robot_driver
[0.813s] copying face_robot_driver/__init__.py -> /home/tuf/face_robot_ws/build/face_robot_driver/build/lib/face_robot_driver
[0.813s] copying face_robot_driver/expression_player.py -> /home/tuf/face_robot_ws/build/face_robot_driver/build/lib/face_robot_driver
[0.813s] copying face_robot_driver/driver_node.py -> /home/tuf/face_robot_ws/build/face_robot_driver/build/lib/face_robot_driver
[0.813s] copying face_robot_driver/pom_sc32.py -> /home/tuf/face_robot_ws/build/face_robot_driver/build/lib/face_robot_driver
[0.813s] copying face_robot_driver/expression_node.py -> /home/tuf/face_robot_ws/build/face_robot_driver/build/lib/face_robot_driver
[0.814s] running install
[0.814s] running install_lib
[0.814s] creating /home/tuf/face_robot_ws/install/face_robot_driver/lib/python3.10/site-packages/face_robot_driver
[0.814s] copying /home/tuf/face_robot_ws/build/face_robot_driver/build/lib/face_robot_driver/__init__.py -> /home/tuf/face_robot_ws/install/face_robot_driver/lib/python3.10/site-packages/face_robot_driver
[0.815s] copying /home/tuf/face_robot_ws/build/face_robot_driver/build/lib/face_robot_driver/expression_player.py -> /home/tuf/face_robot_ws/install/face_robot_driver/lib/python3.10/site-packages/face_robot_driver
[0.815s] copying /home/tuf/face_robot_ws/build/face_robot_driver/build/lib/face_robot_driver/driver_node.py -> /home/tuf/face_robot_ws/install/face_robot_driver/lib/python3.10/site-packages/face_robot_driver
[0.815s] copying /home/tuf/face_robot_ws/build/face_robot_driver/build/lib/face_robot_driver/pom_sc32.py -> /home/tuf/face_robot_ws/install/face_robot_driver/lib/python3.10/site-packages/face_robot_driver
[0.815s] copying /home/tuf/face_robot_ws/build/face_robot_driver/build/lib/face_robot_driver/expression_node.py -> /home/tuf/face_robot_ws/install/face_robot_driver/lib/python3.10/site-packages/face_robot_driver
[0.815s] byte-compiling /home/tuf/face_robot_ws/install/face_robot_driver/lib/python3.10/site-packages/face_robot_driver/__init__.py to __init__.cpython-310.pyc
[0.815s] byte-compiling /home/tuf/face_robot_ws/install/face_robot_driver/lib/python3.10/site-packages/face_robot_driver/expression_player.py to expression_player.cpython-310.pyc
[0.816s] byte-compiling /home/tuf/face_robot_ws/install/face_robot_driver/lib/python3.10/site-packages/face_robot_driver/driver_node.py to driver_node.cpython-310.pyc
[0.817s] byte-compiling /home/tuf/face_robot_ws/install/face_robot_driver/lib/python3.10/site-packages/face_robot_driver/pom_sc32.py to pom_sc32.cpython-310.pyc
[0.818s] byte-compiling /home/tuf/face_robot_ws/install/face_robot_driver/lib/python3.10/site-packages/face_robot_driver/expression_node.py to expression_node.cpython-310.pyc
[0.818s] running install_data
[0.818s] creating /home/tuf/face_robot_ws/install/face_robot_driver/share/ament_index
[0.819s] creating /home/tuf/face_robot_ws/install/face_robot_driver/share/ament_index/resource_index
[0.819s] creating /home/tuf/face_robot_ws/install/face_robot_driver/share/ament_index/resource_index/packages
[0.819s] copying resource/face_robot_driver -> /home/tuf/face_robot_ws/install/face_robot_driver/share/ament_index/resource_index/packages
[0.819s] copying package.xml -> /home/tuf/face_robot_ws/install/face_robot_driver/share/face_robot_driver
[0.819s] creating /home/tuf/face_robot_ws/install/face_robot_driver/share/face_robot_driver/launch
[0.819s] running install_egg_info
[0.820s] Copying ../../build/face_robot_driver/face_robot_driver.egg-info to /home/tuf/face_robot_ws/install/face_robot_driver/lib/python3.10/site-packages/face_robot_driver-0.1.0-py3.10.egg-info
[0.821s] running install_scripts
[0.837s] Installing driver_node script to /home/tuf/face_robot_ws/install/face_robot_driver/lib/face_robot_driver
[0.837s] Installing expression_node script to /home/tuf/face_robot_ws/install/face_robot_driver/lib/face_robot_driver
[0.837s] writing list of installed files to '/home/tuf/face_robot_ws/build/face_robot_driver/install.log'
[0.854s] Invoked command in '/home/tuf/face_robot_ws/src/face_robot_driver' returned '0': PYTHONPATH=/home/tuf/face_robot_ws/build/face_robot_driver/prefix_override:/usr/lib/python3/dist-packages/colcon_core/task/python/colcon_distutils_commands:/home/tuf/face_robot_ws/install/face_robot_driver/lib/python3.10/site-packages:${PYTHONPATH} /usr/bin/python3 -W ignore:setup.py install is deprecated -W ignore:easy_install command is deprecated setup.py egg_info --egg-base ../../build/face_robot_driver build --build-base /home/tuf/face_robot_ws/build/face_robot_driver/build install --record /home/tuf/face_robot_ws/build/face_robot_driver/install.log --single-version-externally-managed install_data
