running egg_info
writing ../../build/face_robot_driver/face_robot_driver.egg-info/PKG-INFO
writing dependency_links to ../../build/face_robot_driver/face_robot_driver.egg-info/dependency_links.txt
writing entry points to ../../build/face_robot_driver/face_robot_driver.egg-info/entry_points.txt
writing requirements to ../../build/face_robot_driver/face_robot_driver.egg-info/requires.txt
writing top-level names to ../../build/face_robot_driver/face_robot_driver.egg-info/top_level.txt
reading manifest file '../../build/face_robot_driver/face_robot_driver.egg-info/SOURCES.txt'
writing manifest file '../../build/face_robot_driver/face_robot_driver.egg-info/SOURCES.txt'
running build
running build_py
copying face_robot_driver/servo_config.py -> /home/tuf/Mark/face_robot_ws/build/face_robot_driver/build/lib/face_robot_driver
copying face_robot_driver/driver_node.py -> /home/tuf/Mark/face_robot_ws/build/face_robot_driver/build/lib/face_robot_driver
copying face_robot_driver/expression_node.py -> /home/tuf/Mark/face_robot_ws/build/face_robot_driver/build/lib/face_robot_driver
running install
running install_lib
copying /home/tuf/Mark/face_robot_ws/build/face_robot_driver/build/lib/face_robot_driver/servo_config.py -> /home/tuf/Mark/face_robot_ws/install/face_robot_driver/lib/python3.10/site-packages/face_robot_driver
copying /home/tuf/Mark/face_robot_ws/build/face_robot_driver/build/lib/face_robot_driver/driver_node.py -> /home/tuf/Mark/face_robot_ws/install/face_robot_driver/lib/python3.10/site-packages/face_robot_driver
copying /home/tuf/Mark/face_robot_ws/build/face_robot_driver/build/lib/face_robot_driver/expression_node.py -> /home/tuf/Mark/face_robot_ws/install/face_robot_driver/lib/python3.10/site-packages/face_robot_driver
byte-compiling /home/tuf/Mark/face_robot_ws/install/face_robot_driver/lib/python3.10/site-packages/face_robot_driver/servo_config.py to servo_config.cpython-310.pyc
byte-compiling /home/tuf/Mark/face_robot_ws/install/face_robot_driver/lib/python3.10/site-packages/face_robot_driver/driver_node.py to driver_node.cpython-310.pyc
byte-compiling /home/tuf/Mark/face_robot_ws/install/face_robot_driver/lib/python3.10/site-packages/face_robot_driver/expression_node.py to expression_node.cpython-310.pyc
running install_data
running install_egg_info
removing '/home/tuf/Mark/face_robot_ws/install/face_robot_driver/lib/python3.10/site-packages/face_robot_driver-0.1.0-py3.10.egg-info' (and everything under it)
Copying ../../build/face_robot_driver/face_robot_driver.egg-info to /home/tuf/Mark/face_robot_ws/install/face_robot_driver/lib/python3.10/site-packages/face_robot_driver-0.1.0-py3.10.egg-info
running install_scripts
Installing driver_node script to /home/tuf/Mark/face_robot_ws/install/face_robot_driver/lib/face_robot_driver
Installing expression_node script to /home/tuf/Mark/face_robot_ws/install/face_robot_driver/lib/face_robot_driver
writing list of installed files to '/home/tuf/Mark/face_robot_ws/build/face_robot_driver/install.log'
