[0.087s] DEBUG:colcon:Command line arguments: ['/usr/bin/colcon', 'build', '--packages-select', 'face_robot_driver', '--symlink-install']
[0.087s] DEBUG:colcon:Parsed command line arguments: Namespace(log_base=None, log_level=None, verb_name='build', build_base='build', install_base='install', merge_install=False, symlink_install=True, test_result_base=None, continue_on_error=False, executor='parallel', parallel_workers=16, event_handlers=None, ignore_user_meta=False, metas=['./colcon.meta'], base_paths=['.'], packages_ignore=None, packages_ignore_regex=None, paths=None, packages_up_to=None, packages_up_to_regex=None, packages_above=None, packages_above_and_dependencies=None, packages_above_depth=None, packages_select_by_dep=None, packages_skip_by_dep=None, packages_skip_up_to=None, packages_select_build_failed=False, packages_skip_build_finished=False, packages_select_test_failures=False, packages_skip_test_passed=False, packages_select=['face_robot_driver'], packages_skip=None, packages_select_regex=None, packages_skip_regex=None, packages_start=None, packages_end=None, allow_overriding=[], cmake_args=None, cmake_target=None, cmake_target_skip_unavailable=False, cmake_clean_cache=False, cmake_clean_first=False, cmake_force_configure=False, ament_cmake_args=None, catkin_cmake_args=None, catkin_skip_building_tests=False, verb_parser=<colcon_defaults.argument_parser.defaults.DefaultArgumentsDecorator object at 0x7ecd433508b0>, verb_extension=<colcon_core.verb.build.BuildVerb object at 0x7ecd433503a0>, main=<bound method BuildVerb.main of <colcon_core.verb.build.BuildVerb object at 0x7ecd433503a0>>)
[0.233s] Level 1:colcon.colcon_core.package_discovery:discover_packages(colcon_meta) check parameters
[0.233s] Level 1:colcon.colcon_core.package_discovery:discover_packages(recursive) check parameters
[0.233s] Level 1:colcon.colcon_core.package_discovery:discover_packages(ignore) check parameters
[0.233s] Level 1:colcon.colcon_core.package_discovery:discover_packages(path) check parameters
[0.233s] Level 1:colcon.colcon_core.package_discovery:discover_packages(colcon_meta) discover
[0.233s] Level 1:colcon.colcon_core.package_discovery:discover_packages(recursive) discover
[0.233s] INFO:colcon.colcon_core.package_discovery:Crawling recursively for packages in '/home/tuf/Mark/face_robot_ws'
[0.233s] Level 1:colcon.colcon_core.package_identification:_identify(.) by extensions ['ignore', 'ignore_ament_install']
[0.233s] Level 1:colcon.colcon_core.package_identification:_identify(.) by extension 'ignore'
[0.234s] Level 1:colcon.colcon_core.package_identification:_identify(.) by extension 'ignore_ament_install'
[0.234s] Level 1:colcon.colcon_core.package_identification:_identify(.) by extensions ['colcon_pkg']
[0.234s] Level 1:colcon.colcon_core.package_identification:_identify(.) by extension 'colcon_pkg'
[0.234s] Level 1:colcon.colcon_core.package_identification:_identify(.) by extensions ['colcon_meta']
[0.234s] Level 1:colcon.colcon_core.package_identification:_identify(.) by extension 'colcon_meta'
[0.234s] Level 1:colcon.colcon_core.package_identification:_identify(.) by extensions ['ros']
[0.234s] Level 1:colcon.colcon_core.package_identification:_identify(.) by extension 'ros'
[0.247s] Level 1:colcon.colcon_core.package_identification:_identify(.) by extensions ['cmake', 'python']
[0.247s] Level 1:colcon.colcon_core.package_identification:_identify(.) by extension 'cmake'
[0.247s] Level 1:colcon.colcon_core.package_identification:_identify(.) by extension 'python'
[0.247s] Level 1:colcon.colcon_core.package_identification:_identify(.) by extensions ['python_setup_py']
[0.247s] Level 1:colcon.colcon_core.package_identification:_identify(.) by extension 'python_setup_py'
[0.247s] Level 1:colcon.colcon_core.package_identification:_identify(build) by extensions ['ignore', 'ignore_ament_install']
[0.248s] Level 1:colcon.colcon_core.package_identification:_identify(build) by extension 'ignore'
[0.248s] Level 1:colcon.colcon_core.package_identification:_identify(build) ignored
[0.248s] Level 1:colcon.colcon_core.package_identification:_identify(config) by extensions ['ignore', 'ignore_ament_install']
[0.248s] Level 1:colcon.colcon_core.package_identification:_identify(config) by extension 'ignore'
[0.248s] Level 1:colcon.colcon_core.package_identification:_identify(config) by extension 'ignore_ament_install'
[0.248s] Level 1:colcon.colcon_core.package_identification:_identify(config) by extensions ['colcon_pkg']
[0.248s] Level 1:colcon.colcon_core.package_identification:_identify(config) by extension 'colcon_pkg'
[0.248s] Level 1:colcon.colcon_core.package_identification:_identify(config) by extensions ['colcon_meta']
[0.248s] Level 1:colcon.colcon_core.package_identification:_identify(config) by extension 'colcon_meta'
[0.248s] Level 1:colcon.colcon_core.package_identification:_identify(config) by extensions ['ros']
[0.248s] Level 1:colcon.colcon_core.package_identification:_identify(config) by extension 'ros'
[0.248s] Level 1:colcon.colcon_core.package_identification:_identify(config) by extensions ['cmake', 'python']
[0.249s] Level 1:colcon.colcon_core.package_identification:_identify(config) by extension 'cmake'
[0.249s] Level 1:colcon.colcon_core.package_identification:_identify(config) by extension 'python'
[0.249s] Level 1:colcon.colcon_core.package_identification:_identify(config) by extensions ['python_setup_py']
[0.249s] Level 1:colcon.colcon_core.package_identification:_identify(config) by extension 'python_setup_py'
[0.249s] Level 1:colcon.colcon_core.package_identification:_identify(install) by extensions ['ignore', 'ignore_ament_install']
[0.249s] Level 1:colcon.colcon_core.package_identification:_identify(install) by extension 'ignore'
[0.249s] Level 1:colcon.colcon_core.package_identification:_identify(install) ignored
[0.249s] Level 1:colcon.colcon_core.package_identification:_identify(log) by extensions ['ignore', 'ignore_ament_install']
[0.249s] Level 1:colcon.colcon_core.package_identification:_identify(log) by extension 'ignore'
[0.249s] Level 1:colcon.colcon_core.package_identification:_identify(log) ignored
[0.249s] Level 1:colcon.colcon_core.package_identification:_identify(src) by extensions ['ignore', 'ignore_ament_install']
[0.250s] Level 1:colcon.colcon_core.package_identification:_identify(src) by extension 'ignore'
[0.250s] Level 1:colcon.colcon_core.package_identification:_identify(src) by extension 'ignore_ament_install'
[0.250s] Level 1:colcon.colcon_core.package_identification:_identify(src) by extensions ['colcon_pkg']
[0.250s] Level 1:colcon.colcon_core.package_identification:_identify(src) by extension 'colcon_pkg'
[0.250s] Level 1:colcon.colcon_core.package_identification:_identify(src) by extensions ['colcon_meta']
[0.250s] Level 1:colcon.colcon_core.package_identification:_identify(src) by extension 'colcon_meta'
[0.250s] Level 1:colcon.colcon_core.package_identification:_identify(src) by extensions ['ros']
[0.250s] Level 1:colcon.colcon_core.package_identification:_identify(src) by extension 'ros'
[0.250s] Level 1:colcon.colcon_core.package_identification:_identify(src) by extensions ['cmake', 'python']
[0.250s] Level 1:colcon.colcon_core.package_identification:_identify(src) by extension 'cmake'
[0.250s] Level 1:colcon.colcon_core.package_identification:_identify(src) by extension 'python'
[0.250s] Level 1:colcon.colcon_core.package_identification:_identify(src) by extensions ['python_setup_py']
[0.250s] Level 1:colcon.colcon_core.package_identification:_identify(src) by extension 'python_setup_py'
[0.251s] Level 1:colcon.colcon_core.package_identification:_identify(src/face_robot_driver) by extensions ['ignore', 'ignore_ament_install']
[0.251s] Level 1:colcon.colcon_core.package_identification:_identify(src/face_robot_driver) by extension 'ignore'
[0.251s] Level 1:colcon.colcon_core.package_identification:_identify(src/face_robot_driver) by extension 'ignore_ament_install'
[0.251s] Level 1:colcon.colcon_core.package_identification:_identify(src/face_robot_driver) by extensions ['colcon_pkg']
[0.251s] Level 1:colcon.colcon_core.package_identification:_identify(src/face_robot_driver) by extension 'colcon_pkg'
[0.251s] Level 1:colcon.colcon_core.package_identification:_identify(src/face_robot_driver) by extensions ['colcon_meta']
[0.251s] Level 1:colcon.colcon_core.package_identification:_identify(src/face_robot_driver) by extension 'colcon_meta'
[0.251s] Level 1:colcon.colcon_core.package_identification:_identify(src/face_robot_driver) by extensions ['ros']
[0.251s] Level 1:colcon.colcon_core.package_identification:_identify(src/face_robot_driver) by extension 'ros'
[0.254s] DEBUG:colcon.colcon_core.package_identification:Package 'src/face_robot_driver' with type 'ros.ament_python' and name 'face_robot_driver'
[0.254s] Level 1:colcon.colcon_core.package_identification:_identify(src/face_robot_msgs) by extensions ['ignore', 'ignore_ament_install']
[0.255s] Level 1:colcon.colcon_core.package_identification:_identify(src/face_robot_msgs) by extension 'ignore'
[0.255s] Level 1:colcon.colcon_core.package_identification:_identify(src/face_robot_msgs) by extension 'ignore_ament_install'
[0.255s] Level 1:colcon.colcon_core.package_identification:_identify(src/face_robot_msgs) by extensions ['colcon_pkg']
[0.255s] Level 1:colcon.colcon_core.package_identification:_identify(src/face_robot_msgs) by extension 'colcon_pkg'
[0.255s] Level 1:colcon.colcon_core.package_identification:_identify(src/face_robot_msgs) by extensions ['colcon_meta']
[0.255s] Level 1:colcon.colcon_core.package_identification:_identify(src/face_robot_msgs) by extension 'colcon_meta'
[0.255s] Level 1:colcon.colcon_core.package_identification:_identify(src/face_robot_msgs) by extensions ['ros']
[0.255s] Level 1:colcon.colcon_core.package_identification:_identify(src/face_robot_msgs) by extension 'ros'
[0.255s] Level 1:colcon.colcon_core.package_identification:_identify(src/face_robot_msgs) by extensions ['cmake', 'python']
[0.255s] Level 1:colcon.colcon_core.package_identification:_identify(src/face_robot_msgs) by extension 'cmake'
[0.255s] Level 1:colcon.colcon_core.package_identification:_identify(src/face_robot_msgs) by extension 'python'
[0.255s] Level 1:colcon.colcon_core.package_identification:_identify(src/face_robot_msgs) by extensions ['python_setup_py']
[0.255s] Level 1:colcon.colcon_core.package_identification:_identify(src/face_robot_msgs) by extension 'python_setup_py'
[0.256s] Level 1:colcon.colcon_core.package_identification:_identify(src/face_robot_msgs/msg) by extensions ['ignore', 'ignore_ament_install']
[0.256s] Level 1:colcon.colcon_core.package_identification:_identify(src/face_robot_msgs/msg) by extension 'ignore'
[0.256s] Level 1:colcon.colcon_core.package_identification:_identify(src/face_robot_msgs/msg) by extension 'ignore_ament_install'
[0.256s] Level 1:colcon.colcon_core.package_identification:_identify(src/face_robot_msgs/msg) by extensions ['colcon_pkg']
[0.256s] Level 1:colcon.colcon_core.package_identification:_identify(src/face_robot_msgs/msg) by extension 'colcon_pkg'
[0.256s] Level 1:colcon.colcon_core.package_identification:_identify(src/face_robot_msgs/msg) by extensions ['colcon_meta']
[0.256s] Level 1:colcon.colcon_core.package_identification:_identify(src/face_robot_msgs/msg) by extension 'colcon_meta'
[0.256s] Level 1:colcon.colcon_core.package_identification:_identify(src/face_robot_msgs/msg) by extensions ['ros']
[0.256s] Level 1:colcon.colcon_core.package_identification:_identify(src/face_robot_msgs/msg) by extension 'ros'
[0.256s] Level 1:colcon.colcon_core.package_identification:_identify(src/face_robot_msgs/msg) by extensions ['cmake', 'python']
[0.256s] Level 1:colcon.colcon_core.package_identification:_identify(src/face_robot_msgs/msg) by extension 'cmake'
[0.256s] Level 1:colcon.colcon_core.package_identification:_identify(src/face_robot_msgs/msg) by extension 'python'
[0.256s] Level 1:colcon.colcon_core.package_identification:_identify(src/face_robot_msgs/msg) by extensions ['python_setup_py']
[0.256s] Level 1:colcon.colcon_core.package_identification:_identify(src/face_robot_msgs/msg) by extension 'python_setup_py'
[0.256s] Level 1:colcon.colcon_core.package_discovery:discover_packages(recursive) using defaults
[0.257s] Level 1:colcon.colcon_core.package_discovery:discover_packages(ignore) discover
[0.257s] Level 1:colcon.colcon_core.package_discovery:discover_packages(ignore) using defaults
[0.257s] Level 1:colcon.colcon_core.package_discovery:discover_packages(path) discover
[0.257s] Level 1:colcon.colcon_core.package_discovery:discover_packages(path) using defaults
[0.284s] Level 1:colcon.colcon_core.package_discovery:discover_packages(prefix_path) check parameters
[0.284s] Level 1:colcon.colcon_core.package_discovery:discover_packages(prefix_path) discover
[0.287s] DEBUG:colcon.colcon_installed_package_information.package_discovery:Found 364 installed packages in /opt/ros/humble
[0.288s] Level 1:colcon.colcon_core.package_discovery:discover_packages(prefix_path) using defaults
[0.327s] Level 5:colcon.colcon_core.verb:set package 'face_robot_driver' build argument 'cmake_args' from command line to 'None'
[0.327s] Level 5:colcon.colcon_core.verb:set package 'face_robot_driver' build argument 'cmake_target' from command line to 'None'
[0.327s] Level 5:colcon.colcon_core.verb:set package 'face_robot_driver' build argument 'cmake_target_skip_unavailable' from command line to 'False'
[0.327s] Level 5:colcon.colcon_core.verb:set package 'face_robot_driver' build argument 'cmake_clean_cache' from command line to 'False'
[0.327s] Level 5:colcon.colcon_core.verb:set package 'face_robot_driver' build argument 'cmake_clean_first' from command line to 'False'
[0.327s] Level 5:colcon.colcon_core.verb:set package 'face_robot_driver' build argument 'cmake_force_configure' from command line to 'False'
[0.327s] Level 5:colcon.colcon_core.verb:set package 'face_robot_driver' build argument 'ament_cmake_args' from command line to 'None'
[0.327s] Level 5:colcon.colcon_core.verb:set package 'face_robot_driver' build argument 'catkin_cmake_args' from command line to 'None'
[0.327s] Level 5:colcon.colcon_core.verb:set package 'face_robot_driver' build argument 'catkin_skip_building_tests' from command line to 'False'
[0.327s] DEBUG:colcon.colcon_core.verb:Building package 'face_robot_driver' with the following arguments: {'ament_cmake_args': None, 'build_base': '/home/tuf/Mark/face_robot_ws/build/face_robot_driver', 'catkin_cmake_args': None, 'catkin_skip_building_tests': False, 'cmake_args': None, 'cmake_clean_cache': False, 'cmake_clean_first': False, 'cmake_force_configure': False, 'cmake_target': None, 'cmake_target_skip_unavailable': False, 'install_base': '/home/tuf/Mark/face_robot_ws/install/face_robot_driver', 'merge_install': False, 'path': '/home/tuf/Mark/face_robot_ws/src/face_robot_driver', 'symlink_install': True, 'test_result_base': None}
[0.327s] INFO:colcon.colcon_core.executor:Executing jobs using 'parallel' executor
[0.328s] DEBUG:colcon.colcon_parallel_executor.executor.parallel:run_until_complete
[0.328s] INFO:colcon.colcon_ros.task.ament_python.build:Building ROS package in '/home/tuf/Mark/face_robot_ws/src/face_robot_driver' with build type 'ament_python'
[0.328s] Level 1:colcon.colcon_core.shell:create_environment_hook('face_robot_driver', 'ament_prefix_path')
[0.330s] INFO:colcon.colcon_core.plugin_system:Skipping extension 'colcon_core.shell.bat': Not used on non-Windows systems
[0.330s] INFO:colcon.colcon_core.shell:Creating environment hook '/home/tuf/Mark/face_robot_ws/install/face_robot_driver/share/face_robot_driver/hook/ament_prefix_path.ps1'
[0.331s] INFO:colcon.colcon_core.shell:Creating environment descriptor '/home/tuf/Mark/face_robot_ws/install/face_robot_driver/share/face_robot_driver/hook/ament_prefix_path.dsv'
[0.331s] INFO:colcon.colcon_core.shell:Creating environment hook '/home/tuf/Mark/face_robot_ws/install/face_robot_driver/share/face_robot_driver/hook/ament_prefix_path.sh'
[0.332s] INFO:colcon.colcon_core.shell:Skip shell extension 'powershell' for command environment: Not usable outside of PowerShell
[0.332s] DEBUG:colcon.colcon_core.shell:Skip shell extension 'dsv' for command environment
[0.547s] INFO:colcon.colcon_core.task.python.build:Building Python package in '/home/tuf/Mark/face_robot_ws/src/face_robot_driver'
[0.547s] INFO:colcon.colcon_core.shell:Skip shell extension 'powershell' for command environment: Not usable outside of PowerShell
[0.547s] DEBUG:colcon.colcon_core.shell:Skip shell extension 'dsv' for command environment
[0.839s] DEBUG:colcon.colcon_core.task.python.build:While undoing a previous installation files outside the Python library path are being ignored: /home/tuf/Mark/face_robot_ws/install/face_robot_driver/share/ament_index/resource_index/packages/face_robot_driver
[0.839s] DEBUG:colcon.colcon_core.task.python.build:While undoing a previous installation files outside the Python library path are being ignored: /home/tuf/Mark/face_robot_ws/install/face_robot_driver/share/face_robot_driver/package.xml
[0.839s] DEBUG:colcon.colcon_core.task.python.build:While undoing a previous installation files outside the Python library path are being ignored: /home/tuf/Mark/face_robot_ws/install/face_robot_driver/share/face_robot_driver/launch
[0.839s] DEBUG:colcon.colcon_core.task.python.build:While undoing a previous installation files outside the Python library path are being ignored: /home/tuf/Mark/face_robot_ws/install/face_robot_driver/lib/face_robot_driver/driver_node
[0.839s] DEBUG:colcon.colcon_core.task.python.build:While undoing a previous installation files outside the Python library path are being ignored: /home/tuf/Mark/face_robot_ws/install/face_robot_driver/lib/face_robot_driver/expression_node
[0.839s] DEBUG:colcon.colcon_core.task.python.build:While undoing a previous installation files outside the Python library path are being ignored: /home/tuf/Mark/face_robot_ws/install/face_robot_driver/lib/face_robot_driver/eye_node
[0.840s] DEBUG:colcon.colcon_core.event_handler.log_command:Invoking command in '/home/tuf/Mark/face_robot_ws/build/face_robot_driver': PYTHONPATH=/home/tuf/Mark/face_robot_ws/build/face_robot_driver/prefix_override:/usr/lib/python3/dist-packages/colcon_core/task/python/colcon_distutils_commands:/home/tuf/Mark/face_robot_ws/install/face_robot_driver/lib/python3.10/site-packages:${PYTHONPATH} /usr/bin/python3 -W ignore:setup.py install is deprecated -W ignore:easy_install command is deprecated setup.py develop --editable --build-directory /home/tuf/Mark/face_robot_ws/build/face_robot_driver/build --no-deps symlink_data --force
[1.230s] Level 1:colcon.colcon_core.shell:create_environment_hook('face_robot_driver', 'pythonpath_develop')
[1.230s] INFO:colcon.colcon_core.shell:Creating environment hook '/home/tuf/Mark/face_robot_ws/build/face_robot_driver/share/face_robot_driver/hook/pythonpath_develop.ps1'
[1.230s] DEBUG:colcon.colcon_core.event_handler.log_command:Invoked command in '/home/tuf/Mark/face_robot_ws/build/face_robot_driver' returned '0': PYTHONPATH=/home/tuf/Mark/face_robot_ws/build/face_robot_driver/prefix_override:/usr/lib/python3/dist-packages/colcon_core/task/python/colcon_distutils_commands:/home/tuf/Mark/face_robot_ws/install/face_robot_driver/lib/python3.10/site-packages:${PYTHONPATH} /usr/bin/python3 -W ignore:setup.py install is deprecated -W ignore:easy_install command is deprecated setup.py develop --editable --build-directory /home/tuf/Mark/face_robot_ws/build/face_robot_driver/build --no-deps symlink_data --force
[1.231s] INFO:colcon.colcon_core.shell:Creating environment descriptor '/home/tuf/Mark/face_robot_ws/build/face_robot_driver/share/face_robot_driver/hook/pythonpath_develop.dsv'
[1.231s] INFO:colcon.colcon_core.shell:Creating environment hook '/home/tuf/Mark/face_robot_ws/build/face_robot_driver/share/face_robot_driver/hook/pythonpath_develop.sh'
[1.233s] Level 1:colcon.colcon_core.environment:checking '/home/tuf/Mark/face_robot_ws/install/face_robot_driver' for CMake module files
[1.234s] Level 1:colcon.colcon_core.environment:checking '/home/tuf/Mark/face_robot_ws/install/face_robot_driver' for CMake config files
[1.234s] Level 1:colcon.colcon_core.environment:checking '/home/tuf/Mark/face_robot_ws/install/face_robot_driver/lib'
[1.234s] Level 1:colcon.colcon_core.environment:checking '/home/tuf/Mark/face_robot_ws/install/face_robot_driver/bin'
[1.234s] Level 1:colcon.colcon_core.environment:checking '/home/tuf/Mark/face_robot_ws/install/face_robot_driver/lib/pkgconfig/face_robot_driver.pc'
[1.235s] Level 1:colcon.colcon_core.environment:checking '/home/tuf/Mark/face_robot_ws/install/face_robot_driver/lib/python3.10/site-packages'
[1.235s] Level 1:colcon.colcon_core.shell:create_environment_hook('face_robot_driver', 'pythonpath')
[1.235s] INFO:colcon.colcon_core.shell:Creating environment hook '/home/tuf/Mark/face_robot_ws/install/face_robot_driver/share/face_robot_driver/hook/pythonpath.ps1'
[1.235s] INFO:colcon.colcon_core.shell:Creating environment descriptor '/home/tuf/Mark/face_robot_ws/install/face_robot_driver/share/face_robot_driver/hook/pythonpath.dsv'
[1.235s] INFO:colcon.colcon_core.shell:Creating environment hook '/home/tuf/Mark/face_robot_ws/install/face_robot_driver/share/face_robot_driver/hook/pythonpath.sh'
[1.236s] Level 1:colcon.colcon_core.environment:checking '/home/tuf/Mark/face_robot_ws/install/face_robot_driver/bin'
[1.236s] Level 1:colcon.colcon_core.environment:create_environment_scripts_only(face_robot_driver)
[1.236s] INFO:colcon.colcon_core.shell:Creating package script '/home/tuf/Mark/face_robot_ws/install/face_robot_driver/share/face_robot_driver/package.ps1'
[1.237s] INFO:colcon.colcon_core.shell:Creating package descriptor '/home/tuf/Mark/face_robot_ws/install/face_robot_driver/share/face_robot_driver/package.dsv'
[1.238s] INFO:colcon.colcon_core.shell:Creating package script '/home/tuf/Mark/face_robot_ws/install/face_robot_driver/share/face_robot_driver/package.sh'
[1.238s] INFO:colcon.colcon_core.shell:Creating package script '/home/tuf/Mark/face_robot_ws/install/face_robot_driver/share/face_robot_driver/package.bash'
[1.239s] INFO:colcon.colcon_core.shell:Creating package script '/home/tuf/Mark/face_robot_ws/install/face_robot_driver/share/face_robot_driver/package.zsh'
[1.239s] Level 1:colcon.colcon_core.environment:create_file_with_runtime_dependencies(/home/tuf/Mark/face_robot_ws/install/face_robot_driver/share/colcon-core/packages/face_robot_driver)
[1.240s] DEBUG:colcon.colcon_parallel_executor.executor.parallel:closing loop
[1.240s] DEBUG:colcon.colcon_parallel_executor.executor.parallel:loop closed
[1.240s] DEBUG:colcon.colcon_parallel_executor.executor.parallel:run_until_complete finished with '0'
[1.240s] DEBUG:colcon.colcon_core.event_reactor:joining thread
[1.244s] INFO:colcon.colcon_core.plugin_system:Skipping extension 'colcon_notification.desktop_notification.terminal_notifier': Not used on non-Darwin systems
[1.244s] INFO:colcon.colcon_core.plugin_system:Skipping extension 'colcon_notification.desktop_notification.win32': Not used on non-Windows systems
[1.244s] INFO:colcon.colcon_notification.desktop_notification:Sending desktop notification using 'notify2'
[1.252s] DEBUG:colcon.colcon_core.event_reactor:joined thread
[1.252s] INFO:colcon.colcon_core.shell:Creating prefix script '/home/tuf/Mark/face_robot_ws/install/local_setup.ps1'
[1.253s] INFO:colcon.colcon_core.shell:Creating prefix util module '/home/tuf/Mark/face_robot_ws/install/_local_setup_util_ps1.py'
[1.254s] INFO:colcon.colcon_core.shell:Creating prefix chain script '/home/tuf/Mark/face_robot_ws/install/setup.ps1'
[1.255s] INFO:colcon.colcon_core.shell:Creating prefix script '/home/tuf/Mark/face_robot_ws/install/local_setup.sh'
[1.255s] INFO:colcon.colcon_core.shell:Creating prefix util module '/home/tuf/Mark/face_robot_ws/install/_local_setup_util_sh.py'
[1.256s] INFO:colcon.colcon_core.shell:Creating prefix chain script '/home/tuf/Mark/face_robot_ws/install/setup.sh'
[1.257s] INFO:colcon.colcon_core.shell:Creating prefix script '/home/tuf/Mark/face_robot_ws/install/local_setup.bash'
[1.257s] INFO:colcon.colcon_core.shell:Creating prefix chain script '/home/tuf/Mark/face_robot_ws/install/setup.bash'
[1.258s] INFO:colcon.colcon_core.shell:Creating prefix script '/home/tuf/Mark/face_robot_ws/install/local_setup.zsh'
[1.258s] INFO:colcon.colcon_core.shell:Creating prefix chain script '/home/tuf/Mark/face_robot_ws/install/setup.zsh'
