[0.512s] Invoking command in '/home/tuf/Mark/face_robot_ws/build/face_robot_driver': PYTHONPATH=/home/tuf/Mark/face_robot_ws/build/face_robot_driver/prefix_override:/usr/lib/python3/dist-packages/colcon_core/task/python/colcon_distutils_commands:/home/tuf/Mark/face_robot_ws/install/face_robot_driver/lib/python3.10/site-packages:${PYTHONPATH} /usr/bin/python3 -W ignore:setup.py install is deprecated -W ignore:easy_install command is deprecated setup.py develop --editable --build-directory /home/tuf/Mark/face_robot_ws/build/face_robot_driver/build --no-deps symlink_data --force
[0.738s] running develop
[0.878s] running egg_info
[0.878s] writing face_robot_driver.egg-info/PKG-INFO
[0.878s] writing dependency_links to face_robot_driver.egg-info/dependency_links.txt
[0.878s] writing entry points to face_robot_driver.egg-info/entry_points.txt
[0.878s] writing requirements to face_robot_driver.egg-info/requires.txt
[0.878s] writing top-level names to face_robot_driver.egg-info/top_level.txt
[0.880s] reading manifest file 'face_robot_driver.egg-info/SOURCES.txt'
[0.880s] writing manifest file 'face_robot_driver.egg-info/SOURCES.txt'
[0.881s] running build_ext
[0.882s] Creating /home/tuf/Mark/face_robot_ws/install/face_robot_driver/lib/python3.10/site-packages/face-robot-driver.egg-link (link to .)
[0.882s] Installing driver_node script to /home/tuf/Mark/face_robot_ws/install/face_robot_driver/lib/face_robot_driver
[0.882s] Installing expression_node script to /home/tuf/Mark/face_robot_ws/install/face_robot_driver/lib/face_robot_driver
[0.883s] Installing eye_node script to /home/tuf/Mark/face_robot_ws/install/face_robot_driver/lib/face_robot_driver
[0.883s] 
[0.883s] Installed /home/tuf/Mark/face_robot_ws/build/face_robot_driver
[0.883s] running symlink_data
[0.883s] symbolically linking /home/tuf/Mark/face_robot_ws/build/face_robot_driver/resource/face_robot_driver -> /home/tuf/Mark/face_robot_ws/install/face_robot_driver/share/ament_index/resource_index/packages
[0.883s] symbolically linking /home/tuf/Mark/face_robot_ws/build/face_robot_driver/package.xml -> /home/tuf/Mark/face_robot_ws/install/face_robot_driver/share/face_robot_driver
[0.902s] Invoked command in '/home/tuf/Mark/face_robot_ws/build/face_robot_driver' returned '0': PYTHONPATH=/home/tuf/Mark/face_robot_ws/build/face_robot_driver/prefix_override:/usr/lib/python3/dist-packages/colcon_core/task/python/colcon_distutils_commands:/home/tuf/Mark/face_robot_ws/install/face_robot_driver/lib/python3.10/site-packages:${PYTHONPATH} /usr/bin/python3 -W ignore:setup.py install is deprecated -W ignore:easy_install command is deprecated setup.py develop --editable --build-directory /home/tuf/Mark/face_robot_ws/build/face_robot_driver/build --no-deps symlink_data --force
