[0.511s] Invoking command in '/home/tuf/Mark/face_robot_ws/src/face_robot_driver': PYTHONPATH=/home/tuf/Mark/face_robot_ws/build/face_robot_driver/prefix_override:/usr/lib/python3/dist-packages/colcon_core/task/python/colcon_distutils_commands:/home/tuf/Mark/face_robot_ws/install/face_robot_driver/lib/python3.10/site-packages:${PYTHONPATH} /usr/bin/python3 -W ignore:setup.py install is deprecated -W ignore:easy_install command is deprecated setup.py egg_info --egg-base ../../build/face_robot_driver build --build-base /home/tuf/Mark/face_robot_ws/build/face_robot_driver/build install --record /home/tuf/Mark/face_robot_ws/build/face_robot_driver/install.log --single-version-externally-managed install_data
[0.716s] running egg_info
[0.716s] writing ../../build/face_robot_driver/face_robot_driver.egg-info/PKG-INFO
[0.716s] writing dependency_links to ../../build/face_robot_driver/face_robot_driver.egg-info/dependency_links.txt
[0.716s] writing entry points to ../../build/face_robot_driver/face_robot_driver.egg-info/entry_points.txt
[0.716s] writing requirements to ../../build/face_robot_driver/face_robot_driver.egg-info/requires.txt
[0.717s] writing top-level names to ../../build/face_robot_driver/face_robot_driver.egg-info/top_level.txt
[0.718s] reading manifest file '../../build/face_robot_driver/face_robot_driver.egg-info/SOURCES.txt'
[0.718s] writing manifest file '../../build/face_robot_driver/face_robot_driver.egg-info/SOURCES.txt'
[0.719s] running build
[0.719s] running build_py
[0.719s] running install
[0.719s] running install_lib
[0.720s] running install_data
[0.720s] running install_egg_info
[0.722s] removing '/home/tuf/Mark/face_robot_ws/install/face_robot_driver/lib/python3.10/site-packages/face_robot_driver-0.1.0-py3.10.egg-info' (and everything under it)
[0.722s] Copying ../../build/face_robot_driver/face_robot_driver.egg-info to /home/tuf/Mark/face_robot_ws/install/face_robot_driver/lib/python3.10/site-packages/face_robot_driver-0.1.0-py3.10.egg-info
[0.723s] running install_scripts
[0.739s] Installing driver_node script to /home/tuf/Mark/face_robot_ws/install/face_robot_driver/lib/face_robot_driver
[0.739s] Installing expression_node script to /home/tuf/Mark/face_robot_ws/install/face_robot_driver/lib/face_robot_driver
[0.739s] writing list of installed files to '/home/tuf/Mark/face_robot_ws/build/face_robot_driver/install.log'
[0.755s] Invoked command in '/home/tuf/Mark/face_robot_ws/src/face_robot_driver' returned '0': PYTHONPATH=/home/tuf/Mark/face_robot_ws/build/face_robot_driver/prefix_override:/usr/lib/python3/dist-packages/colcon_core/task/python/colcon_distutils_commands:/home/tuf/Mark/face_robot_ws/install/face_robot_driver/lib/python3.10/site-packages:${PYTHONPATH} /usr/bin/python3 -W ignore:setup.py install is deprecated -W ignore:easy_install command is deprecated setup.py egg_info --egg-base ../../build/face_robot_driver build --build-base /home/tuf/Mark/face_robot_ws/build/face_robot_driver/build install --record /home/tuf/Mark/face_robot_ws/build/face_robot_driver/install.log --single-version-externally-managed install_data
